Flow report for DigitalModulation
Fri Nov 29 11:27:43 2024
Quartus II 64-Bit Version 12.1 Build 177 11/07/2012 SJ Web Edition


---------------------
; Table of Contents ;
---------------------
  1. Legal Notice
  2. Flow Summary
  3. Flow Settings
  4. Flow Non-Default Global Settings
  5. Flow Elapsed Time
  6. Flow OS Summary
  7. Flow Log



----------------
; Legal Notice ;
----------------
Copyright (C) 1991-2012 Altera Corporation
Your use of Altera Corporation's design tools, logic functions 
and other software and tools, and its AMPP partner logic 
functions, and any output files from any of the foregoing 
(including device programming or simulation files), and any 
associated documentation or information are expressly subject 
to the terms and conditions of the Altera Program License 
Subscription Agreement, Altera MegaCore Function License 
Agreement, or other applicable license agreement, including, 
without limitation, that your use is for the sole purpose of 
programming logic devices manufactured by Altera and sold by 
Altera or its authorized distributors.  Please refer to the 
applicable agreement for further details.



+-------------------------------------------------------------------------------+
; Flow Summary                                                                  ;
+------------------------------------+------------------------------------------+
; Flow Status                        ; Successful - Fri Nov 29 11:27:43 2024    ;
; Quartus II 64-Bit Version          ; 12.1 Build 177 11/07/2012 SJ Web Edition ;
; Revision Name                      ; DigitalModulation                        ;
; Top-level Entity Name              ; DigitalModulation                        ;
; Family                             ; Cyclone II                               ;
; Device                             ; EP2C20F484C7                             ;
; Timing Models                      ; Final                                    ;
; Total logic elements               ; 171 / 18,752 ( < 1 % )                   ;
;     Total combinational functions  ; 171 / 18,752 ( < 1 % )                   ;
;     Dedicated logic registers      ; 77 / 18,752 ( < 1 % )                    ;
; Total registers                    ; 77                                       ;
; Total pins                         ; 18 / 315 ( 6 % )                         ;
; Total virtual pins                 ; 0                                        ;
; Total memory bits                  ; 40 / 239,616 ( < 1 % )                   ;
; Embedded Multiplier 9-bit elements ; 0 / 52 ( 0 % )                           ;
; Total PLLs                         ; 0 / 4 ( 0 % )                            ;
+------------------------------------+------------------------------------------+


+-----------------------------------------+
; Flow Settings                           ;
+-------------------+---------------------+
; Option            ; Setting             ;
+-------------------+---------------------+
; Start date & time ; 11/29/2024 11:27:27 ;
; Main task         ; Compilation         ;
; Revision Name     ; DigitalModulation   ;
+-------------------+---------------------+


+----------------------------------------------------------------------------------------------------------------------------+
; Flow Non-Default Global Settings                                                                                           ;
+-------------------------------------+---------------------------------------+---------------+-------------+----------------+
; Assignment Name                     ; Value                                 ; Default Value ; Entity Name ; Section Id     ;
+-------------------------------------+---------------------------------------+---------------+-------------+----------------+
; COMPILER_SIGNATURE_ID               ; 269295405571210.173286704702160       ; --            ; --          ; --             ;
; EDA_OUTPUT_DATA_FORMAT              ; Vhdl                                  ; --            ; --          ; eda_simulation ;
; EDA_SIMULATION_TOOL                 ; ModelSim-Altera (VHDL)                ; <None>        ; --          ; --             ;
; IP_TOOL_NAME                        ; FIFO                                  ; --            ; --          ; --             ;
; IP_TOOL_NAME                        ; FIFO                                  ; --            ; --          ; --             ;
; IP_TOOL_NAME                        ; FIFO                                  ; --            ; --          ; --             ;
; IP_TOOL_VERSION                     ; 12.1                                  ; --            ; --          ; --             ;
; IP_TOOL_VERSION                     ; 12.1                                  ; --            ; --          ; --             ;
; IP_TOOL_VERSION                     ; 12.1                                  ; --            ; --          ; --             ;
; MAX_CORE_JUNCTION_TEMP              ; 85                                    ; --            ; --          ; --             ;
; MIN_CORE_JUNCTION_TEMP              ; 0                                     ; --            ; --          ; --             ;
; MISC_FILE                           ; fifo.bsf                              ; --            ; --          ; --             ;
; MISC_FILE                           ; fifo_inst.v                           ; --            ; --          ; --             ;
; MISC_FILE                           ; fifo_bb.v                             ; --            ; --          ; --             ;
; MISC_FILE                           ; fifo.inc                              ; --            ; --          ; --             ;
; MISC_FILE                           ; fifo.cmp                              ; --            ; --          ; --             ;
; MISC_FILE                           ; fifo0.bsf                             ; --            ; --          ; --             ;
; MISC_FILE                           ; fifo0_inst.v                          ; --            ; --          ; --             ;
; MISC_FILE                           ; fifo0_bb.v                            ; --            ; --          ; --             ;
; MISC_FILE                           ; fifo0.inc                             ; --            ; --          ; --             ;
; MISC_FILE                           ; fifo0.cmp                             ; --            ; --          ; --             ;
; MISC_FILE                           ; fifo1.bsf                             ; --            ; --          ; --             ;
; MISC_FILE                           ; fifo1_inst.v                          ; --            ; --          ; --             ;
; MISC_FILE                           ; fifo1_bb.v                            ; --            ; --          ; --             ;
; MISC_FILE                           ; fifo1.inc                             ; --            ; --          ; --             ;
; MISC_FILE                           ; fifo1.cmp                             ; --            ; --          ; --             ;
; PARTITION_COLOR                     ; 16764057                              ; --            ; --          ; Top            ;
; PARTITION_FITTER_PRESERVATION_LEVEL ; PLACEMENT_AND_ROUTING                 ; --            ; --          ; Top            ;
; PARTITION_NETLIST_TYPE              ; SOURCE                                ; --            ; --          ; Top            ;
; POWER_BOARD_THERMAL_MODEL           ; None (CONSERVATIVE)                   ; --            ; --          ; --             ;
; POWER_PRESET_COOLING_SOLUTION       ; 23 MM HEAT SINK WITH 200 LFPM AIRFLOW ; --            ; --          ; --             ;
; PROJECT_OUTPUT_DIRECTORY            ; output_files                          ; --            ; --          ; --             ;
+-------------------------------------+---------------------------------------+---------------+-------------+----------------+


+-------------------------------------------------------------------------------------------------------------------------------+
; Flow Elapsed Time                                                                                                             ;
+---------------------------+--------------+-------------------------+---------------------+------------------------------------+
; Module Name               ; Elapsed Time ; Average Processors Used ; Peak Virtual Memory ; Total CPU Time (on all processors) ;
+---------------------------+--------------+-------------------------+---------------------+------------------------------------+
; Analysis & Synthesis      ; 00:00:03     ; 1.0                     ; 452 MB              ; 00:00:03                           ;
; Fitter                    ; 00:00:07     ; 1.0                     ; 548 MB              ; 00:00:07                           ;
; Assembler                 ; 00:00:02     ; 1.0                     ; 422 MB              ; 00:00:02                           ;
; TimeQuest Timing Analyzer ; 00:00:01     ; 1.0                     ; 401 MB              ; 00:00:01                           ;
; EDA Netlist Writer        ; 00:00:00     ; 1.0                     ; 373 MB              ; 00:00:01                           ;
; Total                     ; 00:00:13     ; --                      ; --                  ; 00:00:14                           ;
+---------------------------+--------------+-------------------------+---------------------+------------------------------------+


+----------------------------------------------------------------------------------------+
; Flow OS Summary                                                                        ;
+---------------------------+------------------+-----------+------------+----------------+
; Module Name               ; Machine Hostname ; OS Name   ; OS Version ; Processor type ;
+---------------------------+------------------+-----------+------------+----------------+
; Analysis & Synthesis      ; DLDLABRef-PC     ; Windows 7 ; 6.1        ; x86_64         ;
; Fitter                    ; DLDLABRef-PC     ; Windows 7 ; 6.1        ; x86_64         ;
; Assembler                 ; DLDLABRef-PC     ; Windows 7 ; 6.1        ; x86_64         ;
; TimeQuest Timing Analyzer ; DLDLABRef-PC     ; Windows 7 ; 6.1        ; x86_64         ;
; EDA Netlist Writer        ; DLDLABRef-PC     ; Windows 7 ; 6.1        ; x86_64         ;
+---------------------------+------------------+-----------+------------+----------------+


------------
; Flow Log ;
------------
quartus_map --read_settings_files=on --write_settings_files=off DigitalModulation -c DigitalModulation
quartus_fit --read_settings_files=off --write_settings_files=off DigitalModulation -c DigitalModulation
quartus_asm --read_settings_files=off --write_settings_files=off DigitalModulation -c DigitalModulation
quartus_sta DigitalModulation -c DigitalModulation
quartus_eda --read_settings_files=off --write_settings_files=off DigitalModulation -c DigitalModulation



